Jul-29 13:29:59.621 [main] DEBUG nextflow.cli.Launcher - $> nextflow run main.nf --dataset anthrax --mappingonly -resume
Jul-29 13:29:59.797 [main] INFO  nextflow.cli.CmdRun - N E X T F L O W  ~  version 20.04.1
Jul-29 13:29:59.815 [main] INFO  nextflow.cli.CmdRun - Launching `main.nf` [marvelous_church] - revision: 5801ca0299
Jul-29 13:29:59.840 [main] DEBUG nextflow.config.ConfigBuilder - Found config local: /Users/tristanpwdennis/Projects/bactocap/nextflow.config
Jul-29 13:29:59.841 [main] DEBUG nextflow.config.ConfigBuilder - Parsing config file: /Users/tristanpwdennis/Projects/bactocap/nextflow.config
Jul-29 13:29:59.888 [main] DEBUG nextflow.config.ConfigBuilder - Applying config profile: `standard`
Jul-29 13:30:00.315 [main] DEBUG nextflow.Session - Session uuid: 638b041f-8a2a-4434-9d6d-9518941bde13
Jul-29 13:30:00.315 [main] DEBUG nextflow.Session - Run name: marvelous_church
Jul-29 13:30:00.316 [main] DEBUG nextflow.Session - Executor pool size: 8
Jul-29 13:30:00.521 [main] DEBUG nextflow.cli.CmdRun - 
  Version: 20.04.1 build 5335
  Created: 03-05-2020 19:37 UTC (20:37 BST)
  System: Mac OS X 10.14.6
  Runtime: Groovy 2.5.8 on Java HotSpot(TM) 64-Bit Server VM 13+33
  Encoding: UTF-8 (UTF-8)
  Process: 30453@Tristans-MacBook-Pro.local [192.168.0.16]
  CPUs: 8 - Mem: 8 GB (25.7 MB) - Swap: 5 GB (1.2 GB)
Jul-29 13:30:00.557 [main] DEBUG nextflow.Session - Work-dir: /Users/tristanpwdennis/Projects/bactocap/work [Mac OS X]
Jul-29 13:30:00.557 [main] DEBUG nextflow.Session - Script base path does not exist or is not a directory: /Users/tristanpwdennis/Projects/bactocap/bin
Jul-29 13:30:00.588 [main] DEBUG nextflow.Session - Observer factory: TowerFactory
Jul-29 13:30:00.590 [main] DEBUG nextflow.Session - Observer factory: DefaultObserverFactory
Jul-29 13:30:00.831 [main] DEBUG nextflow.Session - Session start invoked
Jul-29 13:30:01.233 [main] DEBUG nextflow.script.ScriptRunner - > Launching execution
Jul-29 13:30:01.240 [main] DEBUG nextflow.Session - Workflow process names [dsl1]: AddOrReplaceReadGroups, Qualimap, MultiQC, PlaceholderProcess, GenomicsDBImport, FastQC, GenotypeGVCF, FlagstatCollect, ReadTrimming, bwaSort, HaplotypeCaller, bwaAlign, FlagstatRun, MarkDuplicates
Jul-29 13:30:01.265 [main] INFO  nextflow.Nextflow - ====================================================================
Jul-29 13:30:01.268 [main] INFO  nextflow.Nextflow -                 B A C T O C A P       (v0.1)                 
Jul-29 13:30:01.268 [main] INFO  nextflow.Nextflow - ====================================================================
Jul-29 13:30:01.301 [PathVisitor-1] DEBUG nextflow.file.PathVisitor - files for syntax: glob; folder: /Users/tristanpwdennis/Projects/bactocap/datasets/anthrax/raw_reads/; pattern: *{R1_001,R2_001}.fastq.gz; options: [:]
Jul-29 13:30:01.362 [PathVisitor-1] DEBUG nextflow.file.PathVisitor - files for syntax: glob; folder: /Users/tristanpwdennis/Projects/bactocap/datasets/anthrax/ref/; pattern: *.fasta; options: [:]
Jul-29 13:30:01.374 [PathVisitor-1] DEBUG nextflow.file.PathVisitor - files for syntax: glob; folder: /Users/tristanpwdennis/Projects/bactocap/datasets/anthrax/ref/; pattern: *.dict; options: [:]
Jul-29 13:30:01.378 [PathVisitor-1] DEBUG nextflow.file.PathVisitor - files for syntax: glob; folder: /Users/tristanpwdennis/Projects/bactocap/datasets/anthrax/ref/; pattern: *.fasta.fai; options: [:]
Jul-29 13:30:01.382 [PathVisitor-1] DEBUG nextflow.file.PathVisitor - files for syntax: glob; folder: /Users/tristanpwdennis/Projects/bactocap/datasets/anthrax/ref/; pattern: *.fasta.bwt; options: [:]
Jul-29 13:30:01.384 [PathVisitor-1] DEBUG nextflow.file.PathVisitor - files for syntax: glob; folder: /Users/tristanpwdennis/Projects/bactocap/datasets/anthrax/ref/; pattern: *.fasta.ann; options: [:]
Jul-29 13:30:01.386 [PathVisitor-1] DEBUG nextflow.file.PathVisitor - files for syntax: glob; folder: /Users/tristanpwdennis/Projects/bactocap/datasets/anthrax/ref/; pattern: *.fasta.pac; options: [:]
Jul-29 13:30:01.389 [PathVisitor-1] DEBUG nextflow.file.PathVisitor - files for syntax: glob; folder: /Users/tristanpwdennis/Projects/bactocap/datasets/anthrax/ref/; pattern: *.fasta.sa; options: [:]
Jul-29 13:30:01.390 [PathVisitor-2] DEBUG nextflow.file.PathVisitor - files for syntax: glob; folder: /Users/tristanpwdennis/Projects/bactocap/datasets/anthrax/ref/; pattern: *.fasta.amb; options: [:]
Jul-29 13:30:01.448 [main] DEBUG nextflow.script.ProcessConfig - Config settings `withName:ReadTrimming` matches process ReadTrimming
Jul-29 13:30:01.451 [main] DEBUG nextflow.executor.ExecutorFactory - << taskConfig executor: null
Jul-29 13:30:01.451 [main] DEBUG nextflow.executor.ExecutorFactory - >> processorType: 'local'
Jul-29 13:30:01.456 [main] DEBUG nextflow.executor.Executor - [warm up] executor > local
Jul-29 13:30:01.462 [main] DEBUG n.processor.LocalPollingMonitor - Creating local task monitor for executor 'local' > cpus=8; memory=8 GB; capacity=8; pollInterval=100ms; dumpInterval=5m
Jul-29 13:30:01.531 [main] DEBUG nextflow.script.ProcessConfig - Config settings `withName:FastQC` matches process FastQC
Jul-29 13:30:01.532 [main] DEBUG nextflow.executor.ExecutorFactory - << taskConfig executor: null
Jul-29 13:30:01.532 [main] DEBUG nextflow.executor.ExecutorFactory - >> processorType: 'local'
Jul-29 13:30:01.558 [main] DEBUG nextflow.script.ProcessConfig - Config settings `withName:bwaAlign` matches process bwaAlign
Jul-29 13:30:01.559 [main] DEBUG nextflow.executor.ExecutorFactory - << taskConfig executor: null
Jul-29 13:30:01.559 [main] DEBUG nextflow.executor.ExecutorFactory - >> processorType: 'local'
Jul-29 13:30:01.564 [main] DEBUG nextflow.script.ProcessConfig - Config settings `withName:bwaSort` matches process bwaSort
Jul-29 13:30:01.564 [main] DEBUG nextflow.executor.ExecutorFactory - << taskConfig executor: null
Jul-29 13:30:01.564 [main] DEBUG nextflow.executor.ExecutorFactory - >> processorType: 'local'
Jul-29 13:30:01.570 [main] DEBUG nextflow.script.ProcessConfig - Config settings `withName:MarkDuplicates` matches process MarkDuplicates
Jul-29 13:30:01.571 [main] DEBUG nextflow.executor.ExecutorFactory - << taskConfig executor: null
Jul-29 13:30:01.571 [main] DEBUG nextflow.executor.ExecutorFactory - >> processorType: 'local'
Jul-29 13:30:01.578 [main] DEBUG nextflow.script.ProcessConfig - Config settings `withName:AddOrReplaceReadGroups` matches process AddOrReplaceReadGroups
Jul-29 13:30:01.578 [main] DEBUG nextflow.executor.ExecutorFactory - << taskConfig executor: null
Jul-29 13:30:01.579 [main] DEBUG nextflow.executor.ExecutorFactory - >> processorType: 'local'
Jul-29 13:30:01.584 [main] DEBUG nextflow.script.ProcessConfig - Config settings `withName:Qualimap` matches process Qualimap
Jul-29 13:30:01.584 [main] DEBUG nextflow.executor.ExecutorFactory - << taskConfig executor: null
Jul-29 13:30:01.584 [main] DEBUG nextflow.executor.ExecutorFactory - >> processorType: 'local'
Jul-29 13:30:01.590 [main] DEBUG nextflow.script.ProcessConfig - Config settings `withName:FlagstatRun` matches process FlagstatRun
Jul-29 13:30:01.591 [main] DEBUG nextflow.executor.ExecutorFactory - << taskConfig executor: null
Jul-29 13:30:01.591 [main] DEBUG nextflow.executor.ExecutorFactory - >> processorType: 'local'
Jul-29 13:30:01.613 [main] DEBUG nextflow.script.ProcessConfig - Config settings `withName:FlagstatCollect` matches process FlagstatCollect
Jul-29 13:30:01.613 [main] DEBUG nextflow.executor.ExecutorFactory - << taskConfig executor: null
Jul-29 13:30:01.613 [main] DEBUG nextflow.executor.ExecutorFactory - >> processorType: 'local'
Jul-29 13:30:01.624 [main] DEBUG nextflow.script.ProcessConfig - Config settings `withName:MultiQC` matches process MultiQC
Jul-29 13:30:01.625 [main] DEBUG nextflow.executor.ExecutorFactory - << taskConfig executor: null
Jul-29 13:30:01.626 [main] DEBUG nextflow.executor.ExecutorFactory - >> processorType: 'local'
Jul-29 13:30:01.629 [main] DEBUG nextflow.executor.ExecutorFactory - << taskConfig executor: null
Jul-29 13:30:01.629 [main] DEBUG nextflow.executor.ExecutorFactory - >> processorType: 'local'
Jul-29 13:30:01.636 [main] DEBUG nextflow.script.ScriptRunner - > Await termination 
Jul-29 13:30:01.640 [main] DEBUG nextflow.Session - Session await
Jul-29 13:30:01.721 [Actor Thread 5] INFO  nextflow.processor.TaskProcessor - [59/d15e88] Cached process > PlaceholderProcess (This is a placeholder until I decide on a final mlst process)
Jul-29 13:30:01.721 [Actor Thread 2] INFO  nextflow.processor.TaskProcessor - [ee/327664] Cached process > ReadTrimming (Trimming AN17-27-A-S_S6)
Jul-29 13:30:01.749 [Actor Thread 8] INFO  nextflow.processor.TaskProcessor - [fc/0e9d89] Cached process > FastQC (Performing fastqc on AN17-27-A-S_S6)
Jul-29 13:30:01.754 [Actor Thread 4] INFO  nextflow.processor.TaskProcessor - [3f/24eade] Cached process > bwaAlign (Aligning AN17-27-A-S_S6 to reference: NC_007530.fasta)
Jul-29 13:30:01.761 [Actor Thread 1] INFO  nextflow.processor.TaskProcessor - [06/4495be] Cached process > bwaSort (Samtools sorting AN17-27-A-S_S6)
Jul-29 13:30:01.766 [Actor Thread 2] INFO  nextflow.processor.TaskProcessor - [fb/5bda4f] Cached process > MarkDuplicates (Marking duplicate reads for: AN17-27-A-S_S6)
Jul-29 13:30:01.772 [Actor Thread 2] INFO  nextflow.processor.TaskProcessor - [b8/ca98bd] Cached process > AddOrReplaceReadGroups (Adding read groups to: AN17-27-A-S_S6)
Jul-29 13:30:01.782 [Actor Thread 9] INFO  nextflow.processor.TaskProcessor - [2b/b00c23] Cached process > FlagstatRun (AN17-27-A-S_S6)
Jul-29 13:30:01.788 [Actor Thread 8] INFO  nextflow.processor.TaskProcessor - [23/56254f] Cached process > FlagstatCollect
Jul-29 13:30:01.823 [Task submitter] DEBUG nextflow.executor.LocalTaskHandler - Launch cmd line: /bin/bash -ue .command.run
Jul-29 13:30:01.827 [Task submitter] INFO  nextflow.Session - [68/211a27] Submitted process > Qualimap (AN17-27-A-S_S6)
Jul-29 13:35:01.720 [Task monitor] DEBUG n.processor.TaskPollingMonitor - !! executor local > tasks to be completed: 1 -- submitted tasks are shown below
~> TaskHandler[id: 8; name: Qualimap (AN17-27-A-S_S6); status: RUNNING; exit: -; error: -; workDir: /Users/tristanpwdennis/Projects/bactocap/work/68/211a27374c4fb8f4b499a92e76cbcb]
Jul-29 13:37:40.723 [Task monitor] DEBUG n.processor.TaskPollingMonitor - Task completed > TaskHandler[id: 8; name: Qualimap (AN17-27-A-S_S6); status: COMPLETED; exit: 0; error: -; workDir: /Users/tristanpwdennis/Projects/bactocap/work/68/211a27374c4fb8f4b499a92e76cbcb]
Jul-29 13:37:40.817 [Task submitter] DEBUG nextflow.executor.LocalTaskHandler - Launch cmd line: /bin/bash -ue .command.run
Jul-29 13:37:40.818 [Task submitter] INFO  nextflow.Session - [4e/47c421] Submitted process > MultiQC (Performing multiqc on fastqc output)
Jul-29 13:37:58.586 [Task monitor] DEBUG n.processor.TaskPollingMonitor - Task completed > TaskHandler[id: 11; name: MultiQC (Performing multiqc on fastqc output); status: COMPLETED; exit: 0; error: -; workDir: /Users/tristanpwdennis/Projects/bactocap/work/4e/47c421eec919309ea8ac307b6e5fbc]
Jul-29 13:37:58.594 [main] DEBUG nextflow.Session - Session await > all process finished
Jul-29 13:37:58.595 [main] DEBUG nextflow.Session - Session await > all barriers passed
Jul-29 13:37:58.626 [main] DEBUG nextflow.trace.WorkflowStatsObserver - Workflow completed > WorkflowStats[succeededCount=2; failedCount=0; ignoredCount=0; cachedCount=9; pendingCount=0; submittedCount=0; runningCount=0; retriesCount=0; abortedCount=0; succeedDuration=7m 56s; failedDuration=0ms; cachedDuration=1h 26m 5s;loadCpus=0; loadMemory=0; peakRunning=1; peakCpus=1; peakMemory=4 GB; ]
Jul-29 13:37:58.746 [main] DEBUG nextflow.CacheDB - Closing CacheDB done
Jul-29 13:37:58.788 [main] DEBUG nextflow.script.ScriptRunner - > Execution complete -- Goodbye
